<?xml version="1.0" encoding="UTF-8"?>
<TestRun id="7b5763ba-b138-4615-a809-1469fdee2765" name="Fabian@FABIAN-PC 2012-12-07 01:18:02" runUser="Fabian-PC\Fabian" xmlns="http://microsoft.com/schemas/VisualStudio/TeamTest/2010">
  <TestSettings name="Local" id="15dea39e-161d-42fc-8678-50fcec072f74">
    <Description>These are default test settings for a local test run.</Description>
    <Deployment enabled="false" runDeploymentRoot="Fabian_FABIAN-PC 2012-12-07 01_18_02">
      <DeploymentItem filename="C:\Users\Fabian\Dropbox\Personal\Proyecto 2\star-community-system\solLogica\solLogica\solLogica\bin\Debug\solLogica.dll" />
    </Deployment>
    <Execution>
      <TestTypeSpecific />
      <AgentRule name="Execution Agents">
      </AgentRule>
    </Execution>
  </TestSettings>
  <Times creation="2012-12-07T01:18:02.6342842-06:00" queuing="2012-12-07T01:18:02.6877401-06:00" start="2012-12-07T01:18:02.6987521-06:00" finish="2012-12-07T01:18:03.5267371-06:00" />
  <ResultSummary outcome="Failed">
    <Counters total="1" executed="1" error="0" failed="1" timeout="0" aborted="0" inconclusive="0" passedButRunAborted="0" notRunnable="0" notExecuted="0" disconnected="0" warning="0" passed="0" completed="0" inProgress="0" pending="0" />
  </ResultSummary>
  <TestDefinitions>
    <UnitTest name="buscarEntrada" storage="c:\users\fabian\dropbox\personal\proyecto 2\star-community-system\sollogica\sollogica\pruebaslogica\bin\debug\pruebaslogica.dll" id="b9999ee1-3af5-6820-0e0a-2f49acb6b1af">
      <Execution id="a40fa4f1-daef-40f2-8a1f-0801ac51a8b7" />
      <TestMethod codeBase="C:/Users/Fabian/Dropbox/Personal/Proyecto 2/star-community-system/solLogica/solLogica/PruebasLogica/bin/Debug/PruebasLogica.DLL" adapterTypeName="Microsoft.VisualStudio.TestTools.TestTypes.Unit.UnitTestAdapter, Microsoft.VisualStudio.QualityTools.Tips.UnitTest.Adapter, Version=10.0.0.0, Culture=neutral, PublicKeyToken=b03f5f7f11d50a3a" className="PruebasLogica.PruebasFabian, PruebasLogica, Version=1.0.0.0, Culture=neutral, PublicKeyToken=null" name="buscarEntrada" />
    </UnitTest>
  </TestDefinitions>
  <TestLists>
    <TestList name="Resultados que no están en la lista" id="8c84fa94-04c1-424b-9868-57a2d4851a1d" />
    <TestList name="Todos los resultados cargados" id="19431567-8539-422a-85d7-44ee4e166bda" />
  </TestLists>
  <TestEntries>
    <TestEntry testId="b9999ee1-3af5-6820-0e0a-2f49acb6b1af" executionId="a40fa4f1-daef-40f2-8a1f-0801ac51a8b7" testListId="8c84fa94-04c1-424b-9868-57a2d4851a1d" />
  </TestEntries>
  <Results>
    <UnitTestResult executionId="a40fa4f1-daef-40f2-8a1f-0801ac51a8b7" testId="b9999ee1-3af5-6820-0e0a-2f49acb6b1af" testName="buscarEntrada" computerName="FABIAN-PC" duration="00:00:00.4412917" startTime="2012-12-07T01:18:02.7382121-06:00" endTime="2012-12-07T01:18:03.4997229-06:00" testType="13cdc9d9-ddb5-4fa4-a97d-d965ccfc6d4b" outcome="Failed" testListId="8c84fa94-04c1-424b-9868-57a2d4851a1d" relativeResultsDirectory="a40fa4f1-daef-40f2-8a1f-0801ac51a8b7">
      <Output>
        <StdOut>Data Source=Fabian-PC;Initial Catalog=BDStarCommunitySystem;User ID=cenfo;Password=123456Data Source=Fabian-PC;Initial Catalog=BDStarCommunitySystem;User ID=cenfo;Password=123456</StdOut>
        <ErrorInfo>
          <Message>El método de prueba PruebasLogica.PruebasFabian.buscarEntrada produjo la excepción: 
System.Data.SqlClient.SqlException: Could not find stored procedure 'sp_CalificacionesEntrada'.</Message>
          <StackTrace>    en solLogica.Persistente.PersEntrada.buscarCalificacionesDeEntrada(Int32 pid) en C:\Users\Fabian\Dropbox\Personal\Proyecto 2\star-community-system\solLogica\solLogica\solLogica\Persistente\PersEntrada.cs:línea 127
   en solLogica.Gestor.GestorEntrada.obtenerEntradas(List`1 entradas) en C:\Users\Fabian\Dropbox\Personal\Proyecto 2\star-community-system\solLogica\solLogica\solLogica\Gestor\GestorEntrada.cs:línea 64
   en solLogica.Gestor.GestorEntrada.entradaId(Int32 idEntrada) en C:\Users\Fabian\Dropbox\Personal\Proyecto 2\star-community-system\solLogica\solLogica\solLogica\Gestor\GestorEntrada.cs:línea 89
   en PruebasLogica.PruebasFabian.buscarEntrada() en C:\Users\Fabian\Dropbox\Personal\Proyecto 2\star-community-system\solLogica\solLogica\PruebasLogica\PruebasFabian.cs:línea 225
</StackTrace>
        </ErrorInfo>
      </Output>
    </UnitTestResult>
  </Results>
</TestRun>